# Logfile created on 2010-11-11 10:48:00 -0500 by logger.rb/25413
2010-11-11T10:48:00-0500: [Worker(delayed_job host:vamshionrails pid:70536)] Starting job worker
2010-11-11T10:48:01-0500: [Worker(delayed_job host:vamshionrails pid:70536)] acquired lock on Class#deliver_activation_instructions
2010-11-11T10:48:01-0500: [Worker(delayed_job host:vamshionrails pid:70536)] Class#deliver_activation_instructions completed after 0.3495
2010-11-11T10:48:01-0500: [Worker(delayed_job host:vamshionrails pid:70536)] acquired lock on Class#deliver_activation_instructions
2010-11-11T10:48:01-0500: [Worker(delayed_job host:vamshionrails pid:70536)] Class#deliver_activation_instructions completed after 0.0498
2010-11-11T10:48:01-0500: [Worker(delayed_job host:vamshionrails pid:70536)] acquired lock on Class#deliver_activation_instructions
2010-11-11T10:48:01-0500: [Worker(delayed_job host:vamshionrails pid:70536)] Class#deliver_activation_instructions completed after 0.0477
2010-11-11T10:48:01-0500: [Worker(delayed_job host:vamshionrails pid:70536)] 3 jobs processed at 4.3199 j/s, 0 failed ...
2010-11-11T10:50:01-0500: [Worker(delayed_job host:vamshionrails pid:70536)] acquired lock on Class#deliver_activation_instructions
2010-11-11T10:50:01-0500: [Worker(delayed_job host:vamshionrails pid:70536)] Class#deliver_activation_instructions completed after 0.0585
2010-11-11T10:50:01-0500: [Worker(delayed_job host:vamshionrails pid:70536)] 1 jobs processed at 15.6544 j/s, 0 failed ...
2010-11-11T11:49:17-0500: [Worker(delayed_job host:vamshionrails pid:70536)] acquired lock on Class#deliver_activation_instructions
2010-11-11T11:49:17-0500: [Worker(delayed_job host:vamshionrails pid:70536)] Class#deliver_activation_instructions completed after 0.0583
2010-11-11T11:49:17-0500: [Worker(delayed_job host:vamshionrails pid:70536)] 1 jobs processed at 15.5318 j/s, 0 failed ...
2010-11-11T12:11:28-0500: [Worker(delayed_job host:vamshionrails pid:70536)] acquired lock on Class#deliver_password_reset_instructions
2010-11-11T12:11:28-0500: [Worker(delayed_job host:vamshionrails pid:70536)] Class#deliver_password_reset_instructions completed after 0.0581
2010-11-11T12:11:28-0500: [Worker(delayed_job host:vamshionrails pid:70536)] 1 jobs processed at 15.5855 j/s, 0 failed ...
2010-11-11T12:17:28-0500: [Worker(delayed_job host:vamshionrails pid:70536)] acquired lock on Class#deliver_activation_instructions
2010-11-11T12:17:28-0500: [Worker(delayed_job host:vamshionrails pid:70536)] Class#deliver_activation_instructions completed after 0.0611
2010-11-11T12:17:28-0500: [Worker(delayed_job host:vamshionrails pid:70536)] 1 jobs processed at 14.9921 j/s, 0 failed ...
2010-11-11T12:18:28-0500: [Worker(delayed_job host:vamshionrails pid:70536)] acquired lock on Class#deliver_activation_instructions
2010-11-11T12:18:28-0500: [Worker(delayed_job host:vamshionrails pid:70536)] Class#deliver_activation_instructions completed after 0.0609
2010-11-11T12:18:28-0500: [Worker(delayed_job host:vamshionrails pid:70536)] 1 jobs processed at 12.8984 j/s, 0 failed ...
2010-11-11T12:41:49-0500: [Worker(delayed_job host:vamshionrails pid:70536)] acquired lock on Class#deliver_activation_instructions
2010-11-11T12:41:49-0500: [Worker(delayed_job host:vamshionrails pid:70536)] Class#deliver_activation_instructions failed with ArgumentError: wrong number of arguments (0 for 1) - 0 failed attempts
2010-11-11T12:41:49-0500: [Worker(delayed_job host:vamshionrails pid:70536)] acquired lock on Class#deliver_activation_instructions
2010-11-11T12:41:49-0500: [Worker(delayed_job host:vamshionrails pid:70536)] Class#deliver_activation_instructions failed with ArgumentError: wrong number of arguments (0 for 1) - 1 failed attempts
2010-11-11T12:41:49-0500: [Worker(delayed_job host:vamshionrails pid:70536)] 2 jobs processed at 53.2695 j/s, 2 failed ...
2010-11-11T12:42:14-0500: [Worker(delayed_job host:vamshionrails pid:70536)] acquired lock on Class#deliver_activation_instructions
2010-11-11T12:42:14-0500: [Worker(delayed_job host:vamshionrails pid:70536)] Class#deliver_activation_instructions failed with ArgumentError: wrong number of arguments (0 for 1) - 2 failed attempts
2010-11-11T12:42:14-0500: [Worker(delayed_job host:vamshionrails pid:70536)] acquired lock on Class#deliver_activation_instructions
2010-11-11T12:42:14-0500: [Worker(delayed_job host:vamshionrails pid:70536)] Class#deliver_activation_instructions failed with ArgumentError: wrong number of arguments (0 for 1) - 3 failed attempts
2010-11-11T12:42:14-0500: [Worker(delayed_job host:vamshionrails pid:70536)] 2 jobs processed at 140.2027 j/s, 2 failed ...
2010-11-11T12:46:39-0500: [Worker(delayed_job host:vamshionrails pid:70536)] acquired lock on Class#deliver_activation_instructions
2010-11-11T12:46:39-0500: [Worker(delayed_job host:vamshionrails pid:70536)] Class#deliver_activation_instructions failed with ArgumentError: wrong number of arguments (0 for 1) - 4 failed attempts
2010-11-11T12:46:39-0500: [Worker(delayed_job host:vamshionrails pid:70536)] acquired lock on Class#deliver_activation_instructions
2010-11-11T12:46:39-0500: [Worker(delayed_job host:vamshionrails pid:70536)] Class#deliver_activation_instructions failed with ArgumentError: wrong number of arguments (0 for 1) - 5 failed attempts
2010-11-11T12:46:39-0500: [Worker(delayed_job host:vamshionrails pid:70536)] 2 jobs processed at 66.0890 j/s, 2 failed ...
2010-11-11T13:08:20-0500: [Worker(delayed_job host:vamshionrails pid:70536)] acquired lock on Class#deliver_activation_instructions
2010-11-11T13:08:20-0500: [Worker(delayed_job host:vamshionrails pid:70536)] Class#deliver_activation_instructions failed with ArgumentError: wrong number of arguments (0 for 1) - 6 failed attempts
2010-11-11T13:08:20-0500: [Worker(delayed_job host:vamshionrails pid:70536)] acquired lock on Class#deliver_activation_instructions
2010-11-11T13:08:20-0500: [Worker(delayed_job host:vamshionrails pid:70536)] Class#deliver_activation_instructions failed with ArgumentError: wrong number of arguments (0 for 1) - 7 failed attempts
2010-11-11T13:08:20-0500: [Worker(delayed_job host:vamshionrails pid:70536)] 2 jobs processed at 35.2746 j/s, 2 failed ...
2010-11-18T13:45:39-0500: [Worker(delayed_job host:vamshionrails pid:57085)] Starting job worker
2010-11-18T13:45:39-0500: [Worker(delayed_job host:vamshionrails pid:57085)] acquired lock on Class#deliver_activation_instructions
2010-11-18T13:45:39-0500: [Worker(delayed_job host:vamshionrails pid:57085)] Class#deliver_activation_instructions failed with ArgumentError: wrong number of arguments (3 for 1) - 0 failed attempts
2010-11-18T13:45:39-0500: [Worker(delayed_job host:vamshionrails pid:57085)] acquired lock on Class#deliver_activation_instructions
2010-11-18T13:45:39-0500: [Worker(delayed_job host:vamshionrails pid:57085)] Class#deliver_activation_instructions failed with ArgumentError: wrong number of arguments (3 for 1) - 1 failed attempts
2010-11-18T13:45:39-0500: [Worker(delayed_job host:vamshionrails pid:57085)] 2 jobs processed at 10.3660 j/s, 2 failed ...
2010-11-18T13:45:59-0500: [Worker(delayed_job host:vamshionrails pid:57085)] acquired lock on Class#deliver_activation_instructions
2010-11-18T13:45:59-0500: [Worker(delayed_job host:vamshionrails pid:57085)] Class#deliver_activation_instructions failed with ArgumentError: wrong number of arguments (3 for 1) - 0 failed attempts
2010-11-18T13:45:59-0500: [Worker(delayed_job host:vamshionrails pid:57085)] acquired lock on Class#deliver_activation_instructions
2010-11-18T13:45:59-0500: [Worker(delayed_job host:vamshionrails pid:57085)] Class#deliver_activation_instructions failed with ArgumentError: wrong number of arguments (3 for 1) - 1 failed attempts
2010-11-18T13:45:59-0500: [Worker(delayed_job host:vamshionrails pid:57085)] 2 jobs processed at 126.0081 j/s, 2 failed ...
2010-11-18T13:46:04-0500: [Worker(delayed_job host:vamshionrails pid:57085)] acquired lock on Class#deliver_activation_instructions
2010-11-18T13:46:04-0500: [Worker(delayed_job host:vamshionrails pid:57085)] Class#deliver_activation_instructions failed with ArgumentError: wrong number of arguments (3 for 1) - 2 failed attempts
2010-11-18T13:46:04-0500: [Worker(delayed_job host:vamshionrails pid:57085)] PERMANENTLY removing Class#deliver_activation_instructions because of 3 consecutive failures.
2010-11-18T13:46:04-0500: [Worker(delayed_job host:vamshionrails pid:57085)] 1 jobs processed at 95.4401 j/s, 1 failed ...
2010-11-18T13:46:24-0500: [Worker(delayed_job host:vamshionrails pid:57085)] acquired lock on Class#deliver_activation_instructions
2010-11-18T13:46:24-0500: [Worker(delayed_job host:vamshionrails pid:57085)] Class#deliver_activation_instructions failed with ArgumentError: wrong number of arguments (3 for 1) - 2 failed attempts
2010-11-18T13:46:24-0500: [Worker(delayed_job host:vamshionrails pid:57085)] PERMANENTLY removing Class#deliver_activation_instructions because of 3 consecutive failures.
2010-11-18T13:46:24-0500: [Worker(delayed_job host:vamshionrails pid:57085)] 1 jobs processed at 103.3411 j/s, 1 failed ...
2010-11-18T13:50:24-0500: [Worker(delayed_job host:vamshionrails pid:57085)] acquired lock on Class#deliver_activation_instructions
2010-11-18T13:50:24-0500: [Worker(delayed_job host:vamshionrails pid:57085)] Class#deliver_activation_instructions completed after 0.3146
2010-11-18T13:50:24-0500: [Worker(delayed_job host:vamshionrails pid:57085)] 1 jobs processed at 3.1297 j/s, 0 failed ...
2010-11-18T14:11:24-0500: [Worker(delayed_job host:vamshionrails pid:57085)] Exiting...
2010-11-18T14:40:54-0500: [Worker(delayed_job host:vamshionrails pid:59319)] Starting job worker
2010-11-18T14:43:51-0500: [Worker(delayed_job host:vamshionrails pid:59532)] Starting job worker
2010-11-18T14:43:57-0500: [Worker(delayed_job host:vamshionrails pid:59532)] Exiting...
2010-11-18T14:43:58-0500: [Worker(delayed_job host:vamshionrails pid:59532)] Exiting...
2010-11-18T14:45:34-0500: [Worker(delayed_job host:vamshionrails pid:59669)] Starting job worker
2010-11-18T14:47:20-0500: [Worker(delayed_job host:vamshionrails pid:59669)] Exiting...
2010-11-18T14:47:36-0500: [Worker(delayed_job host:vamshionrails pid:59810)] Starting job worker
2010-11-18T15:03:35-0500: [Worker(delayed_job host:vamshionrails pid:59810)] Exiting...
2010-11-18T15:05:05-0500: [Worker(delayed_job host:vamshionrails pid:60680)] Starting job worker
2010-11-18T15:05:10-0500: [Worker(delayed_job host:vamshionrails pid:60680)] Exiting...
2010-11-18T15:10:28-0500: [Worker(delayed_job host:vamshionrails pid:60947)] Starting job worker
2010-11-18T15:10:34-0500: [Worker(delayed_job host:vamshionrails pid:60947)] Exiting...
2010-11-18T15:10:35-0500: [Worker(delayed_job host:vamshionrails pid:60947)] Exiting...
2010-11-18T15:11:38-0500: [Worker(delayed_job host:vamshionrails pid:61034)] Starting job worker
2010-11-18T15:11:39-0500: [Worker(delayed_job host:vamshionrails pid:61034)] Exiting...
2010-11-18T15:11:44-0500: [Worker(delayed_job host:vamshionrails pid:61034)] Exiting...
2010-11-18T15:11:45-0500: [Worker(delayed_job host:vamshionrails pid:61034)] Exiting...
2010-11-18T15:12:32-0500: [Worker(delayed_job host:vamshionrails pid:61034)] Exiting...
2010-11-18T15:12:38-0500: [Worker(delayed_job host:vamshionrails pid:61034)] Exiting...
2010-11-18T15:12:40-0500: [Worker(delayed_job host:vamshionrails pid:61166)] Starting job worker
2010-11-18T15:12:40-0500: [Worker(delayed_job host:vamshionrails pid:61166)] Exiting...
2010-11-18T15:12:45-0500: [Worker(delayed_job host:vamshionrails pid:61166)] Exiting...
2010-11-18T15:12:45-0500: [Worker(delayed_job host:vamshionrails pid:61166)] Exiting...
2010-11-18T15:37:41-0500: [Worker(delayed_job host:vamshionrails pid:62318)] Starting job worker
2010-11-18T15:37:46-0500: [Worker(delayed_job host:vamshionrails pid:62318)] Exiting...
2010-11-18T15:37:47-0500: [Worker(delayed_job host:vamshionrails pid:62318)] Exiting...
2010-11-18T16:09:48-0500: [Worker(delayed_job host:vamshionrails pid:63697)] Starting job worker
2010-11-18T16:09:55-0500: [Worker(delayed_job host:vamshionrails pid:63697)] Exiting...
2010-11-18T16:09:55-0500: [Worker(delayed_job host:vamshionrails pid:63697)] Exiting...
2010-11-18T16:12:45-0500: [Worker(delayed_job host:vamshionrails pid:63936)] Starting job worker
2010-11-18T16:12:50-0500: [Worker(delayed_job host:vamshionrails pid:63936)] Exiting...
2010-11-18T16:12:51-0500: [Worker(delayed_job host:vamshionrails pid:63936)] Exiting...
2010-11-18T16:13:57-0500: [Worker(delayed_job host:vamshionrails pid:64032)] Starting job worker
2010-11-18T16:14:02-0500: [Worker(delayed_job host:vamshionrails pid:64032)] Exiting...
2010-11-18T16:14:02-0500: [Worker(delayed_job host:vamshionrails pid:64032)] Exiting...
2010-11-18T16:16:33-0500: [Worker(delayed_job host:vamshionrails pid:64202)] Starting job worker
2010-11-18T16:16:39-0500: [Worker(delayed_job host:vamshionrails pid:64202)] Exiting...
2010-11-18T16:16:39-0500: [Worker(delayed_job host:vamshionrails pid:64202)] Exiting...
2010-11-18T16:19:32-0500: [Worker(delayed_job host:vamshionrails pid:64420)] Starting job worker
2010-11-18T16:34:46-0500: [Worker(delayed_job host:vamshionrails pid:65500)] Starting job worker
2010-11-18T16:34:50-0500: [Worker(delayed_job host:vamshionrails pid:65500)] Exiting...
2010-11-18T16:34:52-0500: [Worker(delayed_job host:vamshionrails pid:65500)] Exiting...
2010-11-22T15:44:28-0500: [Worker(delayed_job host:vamshionrails pid:18587)] Starting job worker
2010-11-22T15:44:28-0500: [Worker(delayed_job host:vamshionrails pid:18587)] Exiting...
2010-11-22T15:44:35-0500: [Worker(delayed_job host:vamshionrails pid:19231)] Starting job worker
2010-11-22T15:44:40-0500: [Worker(delayed_job host:vamshionrails pid:19231)] Exiting...
2010-11-22T15:45:42-0500: [Worker(delayed_job host:vamshionrails pid:20551)] Starting job worker
2010-11-22T15:45:42-0500: [Worker(delayed_job host:vamshionrails pid:20551)] Exiting...
2010-11-22T15:45:48-0500: [Worker(delayed_job host:vamshionrails pid:20551)] Exiting...
2010-11-22T15:45:50-0500: [Worker(delayed_job host:vamshionrails pid:20551)] Exiting...
2010-11-22T15:53:06-0500: [Worker(delayed_job host:vamshionrails pid:21407)] Starting job worker
2010-11-22T15:53:08-0500: [Worker(delayed_job host:vamshionrails pid:21407)] Exiting...
2010-11-22T15:53:11-0500: [Worker(delayed_job host:vamshionrails pid:21407)] Exiting...
2010-11-22T15:55:30-0500: [Worker(delayed_job host:vamshionrails pid:24779)] Starting job worker
2010-11-22T15:55:31-0500: [Worker(delayed_job host:vamshionrails pid:24779)] Exiting...
2010-11-22T15:55:36-0500: [Worker(delayed_job host:vamshionrails pid:24779)] Exiting...
2010-11-22T15:55:37-0500: [Worker(delayed_job host:vamshionrails pid:24779)] Exiting...
2010-11-22T16:03:03-0500: [Worker(delayed_job host:vamshionrails pid:37678)] Starting job worker
2010-11-22T16:03:03-0500: [Worker(delayed_job host:vamshionrails pid:37678)] Exiting...
2010-11-22T16:03:10-0500: [Worker(delayed_job host:vamshionrails pid:37678)] Exiting...
2010-12-14T13:40:02-0500: [Worker(delayed_job host:vamshionrails pid:93248)] Starting job worker
2010-12-14T13:40:09-0500: [Worker(delayed_job host:vamshionrails pid:93248)] Exiting...
2010-12-14T13:40:09-0500: [Worker(delayed_job host:vamshionrails pid:93248)] Exiting...
2010-12-14T13:42:33-0500: [Worker(delayed_job host:vamshionrails pid:93402)] Starting job worker
2010-12-14T13:42:33-0500: [Worker(delayed_job host:vamshionrails pid:93402)] acquired lock on Class#deliver_activation_instructions
2010-12-14T13:42:33-0500: [Worker(delayed_job host:vamshionrails pid:93402)] Class#deliver_activation_instructions completed after 0.3542
2010-12-14T13:42:33-0500: [Worker(delayed_job host:vamshionrails pid:93402)] 1 jobs processed at 1.7979 j/s, 0 failed ...
2010-12-14T13:42:39-0500: [Worker(delayed_job host:vamshionrails pid:93402)] Exiting...
2010-12-14T13:42:40-0500: [Worker(delayed_job host:vamshionrails pid:93402)] Exiting...
2010-12-14T13:48:55-0500: [Worker(delayed_job host:vamshionrails pid:95017)] Starting job worker
2010-12-14T13:48:55-0500: [Worker(delayed_job host:vamshionrails pid:95017)] Exiting...
2010-12-14T13:48:55-0500: [Worker(delayed_job host:vamshionrails pid:95017)] acquired lock on Class#deliver_activation_instructions
2010-12-14T13:48:56-0500: [Worker(delayed_job host:vamshionrails pid:95017)] Class#deliver_activation_instructions completed after 0.3108
2010-12-14T14:04:50-0500: [Worker(delayed_job host:vamshionrails pid:98796)] Starting job worker
2010-12-14T14:04:57-0500: [Worker(delayed_job host:vamshionrails pid:98796)] Exiting...
2010-12-14T14:04:57-0500: [Worker(delayed_job host:vamshionrails pid:98796)] Exiting...
2010-12-14T15:27:22-0500: [Worker(delayed_job host:vamshionrails pid:2079)] Starting job worker
2010-12-14T15:27:28-0500: [Worker(delayed_job host:vamshionrails pid:2079)] Exiting...
2010-12-14T15:27:29-0500: [Worker(delayed_job host:vamshionrails pid:2079)] Exiting...
2010-12-14T15:29:12-0500: [Worker(delayed_job host:vamshionrails pid:2205)] Starting job worker
2010-12-14T15:29:19-0500: [Worker(delayed_job host:vamshionrails pid:2205)] Exiting...
2010-12-14T15:29:19-0500: [Worker(delayed_job host:vamshionrails pid:2205)] Exiting...
2010-12-14T15:41:25-0500: [Worker(delayed_job host:vamshionrails pid:2824)] Starting job worker
2010-12-14T15:41:31-0500: [Worker(delayed_job host:vamshionrails pid:2824)] Exiting...
2010-12-14T16:17:36-0500: [Worker(delayed_job host:vamshionrails pid:4506)] Starting job worker
2010-12-14T16:17:42-0500: [Worker(delayed_job host:vamshionrails pid:4506)] Exiting...
2010-12-14T16:17:42-0500: [Worker(delayed_job host:vamshionrails pid:4506)] Exiting...
2010-12-14T16:23:01-0500: [Worker(delayed_job host:vamshionrails pid:4867)] Starting job worker
2010-12-14T16:23:08-0500: [Worker(delayed_job host:vamshionrails pid:4867)] Exiting...
2010-12-14T16:23:09-0500: [Worker(delayed_job host:vamshionrails pid:4867)] Exiting...
